
Showing logs for build [32mcb-kubecd-environment-pr-191-17-frbq6-1[0m stage [32mfrom-build-pack[0m and container [32mstep-credential-initializer-lp9tl[0m
{"level":"warn","ts":1585306108.5080965,"logger":"fallback-logger","caller":"logging/config.go:69","msg":"Fetch GitHub commit ID from kodata failed: \"ref: refs/heads/0.8.0-**-support-backwards-incompats\" is not a valid GitHub commit ID"}
{"level":"info","ts":1585306108.508614,"logger":"fallback-logger","caller":"creds-init/main.go:40","msg":"Credentials initialized."}

Showing logs for build [32mcb-kubecd-environment-pr-191-17-frbq6-1[0m stage [32mfrom-build-pack[0m and container [32mstep-working-dir-initializer-gtckf[0m
{"level":"warn","ts":1585306108.9815845,"logger":"fallback-logger","caller":"logging/config.go:69","msg":"Fetch GitHub commit ID from kodata failed: open /var/run/ko/HEAD: no such file or directory"}
{"level":"info","ts":1585306108.9831512,"logger":"fallback-logger","caller":"bash/main.go:64","msg":"Successfully executed command \"sh -c mkdir -p /workspace/source\"; output "}

Showing logs for build [32mcb-kubecd-environment-pr-191-17-frbq6-1[0m stage [32mfrom-build-pack[0m and container [32mstep-place-tools[0m

Showing logs for build [32mcb-kubecd-environment-pr-191-17-frbq6-1[0m stage [32mfrom-build-pack[0m and container [32mstep-git-source-cb-kubecd-environment-pr-191-17-frbq6-7tvzv[0m
{"level":"warn","ts":1585306114.1634698,"logger":"fallback-logger","caller":"logging/config.go:69","msg":"Fetch GitHub commit ID from kodata failed: \"ref: refs/heads/0.8.0-**-support-backwards-incompats\" is not a valid GitHub commit ID"}
{"level":"info","ts":1585306115.2068305,"logger":"fallback-logger","caller":"git/git.go:103","msg":"Successfully cloned https://github.com/cb-kubecd/environment-pr-191-17-boot-gke-staging.git @ master in path /workspace/source"}

Showing logs for build [32mcb-kubecd-environment-pr-191-17-frbq6-1[0m stage [32mfrom-build-pack[0m and container [32mstep-git-merge[0m
Using SHAs from PULL_REFS=master:1953b4118c7e95371ec0b334334cc450b3401bd1,2:3928b70c7aec9ca846c5c53c3fa2b4d79503ba59
DEBUG: LC_ALL=C JX_LOG_LEVEL=error git fetch origin --unshallow 3928b70c7aec9ca846c5c53c3fa2b4d79503ba59: 1953b4118c7e95371ec0b334334cc450b3401bd1:
DEBUG: ran git fetch --unshallow origin 3928b70c7aec9ca846c5c53c3fa2b4d79503ba59: 1953b4118c7e95371ec0b334334cc450b3401bd1: in 
DEBUG: JX_LOG_LEVEL=error LC_ALL=C git branch
DEBUG: LC_ALL=C JX_LOG_LEVEL=error git checkout master
DEBUG: ran git checkout master in 
DEBUG: LC_ALL=C JX_LOG_LEVEL=error git reset --hard 1953b4118c7e95371ec0b334334cc450b3401bd1
DEBUG: ran git reset --hard 1953b4118c7e95371ec0b334334cc450b3401bd1 in 
DEBUG: LC_ALL=C JX_LOG_LEVEL=error git clean -fd .
DEBUG: ran clean --force -d . in 
DEBUG: JX_LOG_LEVEL=error LC_ALL=C git merge 3928b70c7aec9ca846c5c53c3fa2b4d79503ba59
DEBUG: ran git merge 3928b70c7aec9ca846c5c53c3fa2b4d79503ba59 in 
DEBUG: LC_ALL=C JX_LOG_LEVEL=error git log --format=%H%x1f%an%x1f%ae%x1f%cn%x1f%ce%x1f%s%n%b%x1e 1953b4118c7e95371ec0b334334cc450b3401bd1..HEAD
Merged SHA 3928b70c7aec9ca846c5c53c3fa2b4d79503ba59 with commit message 'chore: Promote bdd-nh-1585305815 to version 0.0.1' into base branch master

Showing logs for build [32mcb-kubecd-environment-pr-191-17-frbq6-1[0m stage [32mfrom-build-pack[0m and container [32mstep-build-helm-build[0m
WARNING: No $CHART_REPOSITORY defined so using the default value of: http://jenkins-x-chartmuseum:8080
Adding missing Helm repo: storage.googleapis.com https://storage.googleapis.com/chartmuseum.jenkins-x.io
WARNING: No secrets found on "helm/repos" due: reading the secret "helm/repos" from vault: no secret "helm/repos" not found in vault
Read credentials for https://storage.googleapis.com/chartmuseum.jenkins-x.io from vault helm/repos
Successfully added Helm repository storage.googleapis.com.
Adding missing Helm repo: jenkins-x-chartmuseum http://jenkins-x-chartmuseum:8080
WARNING: No secrets found on "helm/repos" due: reading the secret "helm/repos" from vault: no secret "helm/repos" not found in vault
Read credentials for http://jenkins-x-chartmuseum:8080 from vault helm/repos
Successfully added Helm repository jenkins-x-chartmuseum.
WARNING: No $CHART_REPOSITORY defined so using the default value of: http://jenkins-x-chartmuseum:8080
Adding missing Helm repo: chartmuseum.jenkins-x.io http://chartmuseum.jenkins-x.io
WARNING: No secrets found on "helm/repos" due: reading the secret "helm/repos" from vault: no secret "helm/repos" not found in vault
Read credentials for http://chartmuseum.jenkins-x.io from vault helm/repos
Successfully added Helm repository chartmuseum.jenkins-x.io.
